<?xml version="1.0" encoding="UTF-8"?>
<testsuite name="com.amazon.ata.unittesting.subscribeandsave.dao.SubscriptionFileStorageTest" tests="1" skipped="0" failures="0" errors="0" timestamp="2024-03-20T00:13:33" hostname="Dell-Latitude-3520" time="0.044">
  <properties/>
  <testcase name="updateSubscription_withExistingSubscriptionAndUpdatedASIN_returnsUpdatedASIN()" classname="com.amazon.ata.unittesting.subscribeandsave.dao.SubscriptionFileStorageTest" time="0.044"/>
  <system-out><![CDATA[]]></system-out>
  <system-err><![CDATA[]]></system-err>
</testsuite>
